2024-01-09 23:37:46 INFO  Program:31 - company
2024-01-09 23:37:46 INFO  Program:38 - company
2024-01-09 23:37:46 INFO  Program:39 - 

    1
    Company A
    
        
            1
            Bob
            Peterson
            1
        
        
            2
            Steven
            Anderson
            1
        
        
            3
            John
            Travis
            1
        
        
            4
            Tomas
            Orange
            1
        
    

2024-01-10 15:57:00 INFO  Program:31 - customer
2024-01-10 15:57:00 INFO  Program:38 - customer
2024-01-10 15:57:00 INFO  Program:39 - 

    1
    Tom
    Brown
    
        
            1
            burger
            1
            1
        
        
            2
            pizza
            2
            1
        
        
            3
            sushi
            3
            1
        
    
    
        
            1
            Leeton Ridge Street,1
            1
        
        
            2
            Wellington Ave.,2
            1
        
    

